1636244989575	geckodriver	INFO	Listening on 127.0.0.1:56139
1636244991584	mozrunner::runner	INFO	Running command: "C:\\Program Files\\Mozilla Firefox\\firefox.exe" "--marionette" "--remote-debugging-port" "56140" "-no-remote" "-profile" "C:\\Users\\Peter\\AppData\\Local\\Temp\\rust_mozprofilepUefAV"
1636244992081	Marionette	INFO	Marionette enabled
console.warn: SearchSettings: "get: No settings file exists, new profile?" (new NotFoundError("Could not open the file at C:\\Users\\Peter\\AppData\\Local\\Temp\\rust_mozprofilepUefAV\\search.json.mozlz4", (void 0)))
DevTools listening on ws://localhost:56140/devtools/browser/0e176352-5a18-4224-a371-5604de8cabfb
1636244993394	Marionette	INFO	Listening on port 62017
1636244993703	RemoteAgent	WARN	TLS certificate errors will be ignored for this session
1636244997887	Marionette	INFO	Stopped listening on port 62017
console.warn: TopSitesFeed: Failed to fetch data from Contile server: NetworkError when attempting to fetch resource.
JavaScript error: chrome://remote/content/marionette/cert.js, line 55: NS_ERROR_NOT_AVAILABLE: Component returned failure code: 0x80040111 (NS_ERROR_NOT_AVAILABLE) [nsICertOverrideService.setDisableAllSecurityChecksAndLetAttackersInterceptMyData]
1636245022961	geckodriver	INFO	Listening on 127.0.0.1:60970
1636245024971	mozrunner::runner	INFO	Running command: "C:\\Program Files\\Mozilla Firefox\\firefox.exe" "--marionette" "-headless" "--remote-debugging-port" "60971" "-no-remote" "-profile" "C:\\Users\\Peter\\AppData\\Local\\Temp\\rust_mozprofilewtNeiW"
*** You are running in headless mode.
1636245025181	Marionette	INFO	Marionette enabled
[GFX1-]: RenderCompositorSWGL failed mapping default framebuffer, no dt
console.warn: SearchSettings: "get: No settings file exists, new profile?" (new NotFoundError("Could not open the file at C:\\Users\\Peter\\AppData\\Local\\Temp\\rust_mozprofilewtNeiW\\search.json.mozlz4", (void 0)))
DevTools listening on ws://localhost:60971/devtools/browser/7504bbb8-e510-4302-8937-a1d890a0a679
1636245026005	Marionette	INFO	Listening on port 58280
1636245026090	RemoteAgent	WARN	TLS certificate errors will be ignored for this session
console.log: WebExtensions: reset-default-search: starting.
console.log: WebExtensions: reset-default-search: No addons in our list are installed.
JavaScript error: , line 0: NS_ERROR_NOT_AVAILABLE
JavaScript error: , line 0: NS_ERROR_NOT_AVAILABLE
JavaScript error: resource://gre/modules/PromiseWorker.jsm, line 106: Error: Could not get children of file(C:\Users\Peter\AppData\Local\Temp\rust_mozprofilewtNeiW\thumbnails) because it does not exist
JavaScript error: resource://gre/modules/PromiseWorker.jsm, line 106: Error: Could not get children of file(C:\Users\Peter\AppData\Local\Temp\rust_mozprofilewtNeiW\thumbnails) because it does not exist
JavaScript error: resource://gre/modules/PromiseWorker.jsm, line 106: Error: Could not get children of file(C:\Users\Peter\AppData\Local\Temp\rust_mozprofilewtNeiW\thumbnails) because it does not exist
JavaScript error: resource://gre/modules/PromiseWorker.jsm, line 106: Error: Could not get children of file(C:\Users\Peter\AppData\Local\Temp\rust_mozprofilewtNeiW\thumbnails) because it does not exist
JavaScript error: resource://gre/modules/PromiseWorker.jsm, line 106: Error: Could not get children of file(C:\Users\Peter\AppData\Local\Temp\rust_mozprofilewtNeiW\thumbnails) because it does not exist
JavaScript error: resource://gre/modules/PromiseWorker.jsm, line 106: Error: Could not get children of file(C:\Users\Peter\AppData\Local\Temp\rust_mozprofilewtNeiW\thumbnails) because it does not exist
JavaScript error: resource://gre/modules/PromiseWorker.jsm, line 106: Error: Could not get children of file(C:\Users\Peter\AppData\Local\Temp\rust_mozprofilewtNeiW\thumbnails) because it does not exist
JavaScript error: resource://gre/modules/PromiseWorker.jsm, line 106: Error: Could not get children of file(C:\Users\Peter\AppData\Local\Temp\rust_mozprofilewtNeiW\thumbnails) because it does not exist
JavaScript error: resource://gre/modules/PromiseWorker.jsm, line 106: Error: Could not get children of file(C:\Users\Peter\AppData\Local\Temp\rust_mozprofilewtNeiW\thumbnails) because it does not exist
JavaScript error: resource://gre/modules/PromiseWorker.jsm, line 106: Error: Could not get children of file(C:\Users\Peter\AppData\Local\Temp\rust_mozprofilewtNeiW\thumbnails) because it does not exist
JavaScript error: resource://gre/modules/PromiseWorker.jsm, line 106: Error: Could not get children of file(C:\Users\Peter\AppData\Local\Temp\rust_mozprofilewtNeiW\thumbnails) because it does not exist
JavaScript error: resource://gre/modules/PromiseWorker.jsm, line 106: Error: Could not get children of file(C:\Users\Peter\AppData\Local\Temp\rust_mozprofilewtNeiW\thumbnails) because it does not exist
JavaScript error: resource://gre/modules/PromiseWorker.jsm, line 106: Error: Could not get children of file(C:\Users\Peter\AppData\Local\Temp\rust_mozprofilewtNeiW\thumbnails) because it does not exist
JavaScript error: resource://gre/modules/PromiseWorker.jsm, line 106: Error: Could not get children of file(C:\Users\Peter\AppData\Local\Temp\rust_mozprofilewtNeiW\thumbnails) because it does not exist
JavaScript error: resource://gre/modules/PromiseWorker.jsm, line 106: Error: Could not get children of file(C:\Users\Peter\AppData\Local\Temp\rust_mozprofilewtNeiW\thumbnails) because it does not exist
JavaScript error: resource://gre/modules/PromiseWorker.jsm, line 106: Error: Could not get children of file(C:\Users\Peter\AppData\Local\Temp\rust_mozprofilewtNeiW\thumbnails) because it does not exist
JavaScript error: resource://gre/modules/PromiseWorker.jsm, line 106: Error: Could not get children of file(C:\Users\Peter\AppData\Local\Temp\rust_mozprofilewtNeiW\thumbnails) because it does not exist
JavaScript error: resource://gre/modules/PromiseWorker.jsm, line 106: Error: Could not get children of file(C:\Users\Peter\AppData\Local\Temp\rust_mozprofilewtNeiW\thumbnails) because it does not exist
Exiting due to channel error.
Exiting due to channel error.
Exiting due to channel error.
) because it does not exist
JavaScript error: resource://gre/modules/PromiseWorker.jsm, line 106: Error: Could not get children of file(C:\Users\Peter\AppData\Local\Temp\rust_mozprofilea8K0Ws\thumbnails) because it does not exist
JavaScript error: resource://gre/modules/PromiseWorker.jsm, line 106: Error: Could not get children of file(C:\Users\Peter\AppData\Local\Temp\rust_mozprofilea8K0Ws\thumbnails) because it does not exist
JavaScript error: resource://gre/modules/PromiseWorker.jsm, line 106: Error: Could not get children of file(C:\Users\Peter\AppData\Local\Temp\rust_mozprofilea8K0Ws\thumbnails) because it does not exist
JavaScript error: resource://gre/modules/PromiseWorker.jsm, line 106: Error: Could not get children of file(C:\Users\Peter\AppData\Local\Temp\rust_mozprofilea8K0Ws\thumbnails) because it does not exist
not get children of file(C:\Users\Peter\AppData\Local\Temp\rust_mozprofileWsTw0L\thumbnails) because it does not exist
JavaScript error: resource://gre/modules/PromiseWorker.jsm, line 106: Error: Could not get children of file(C:\Users\Peter\AppData\Local\Temp\rust_mozprofileWsTw0L\thumbnails) because it does not exist
JavaScript error: resource://gre/modules/PromiseWorker.jsm, line 106: Error: Could not get children of file(C:\Users\Peter\AppData\Local\Temp\rust_mozprofileWsTw0L\thumbnails) because it does not exist
JavaScript error: resource://gre/modules/PromiseWorker.jsm, line 106: Error: Could not get children of file(C:\Users\Peter\AppData\Local\Temp\rust_mozprofileWsTw0L\thumbnails) because it does not exist
JavaScript error: resource://gre/modules/PromiseWorker.jsm, line 106: Error: Could not get children of file(C:\Users\Peter\AppData\Local\Temp\rust_mozprofileWsTw0L\thumbnails) because it does not exist
JavaScript error: resource://gre/modules/PromiseWorker.jsm, line 106: Error: Could not get children of file(C:\Users\Peter\AppData\Local\Temp\rust_mozprofileWsTw0L\thumbnails) because it does not exist
JavaScript error: resource://gre/modules/PromiseWorker.jsm, line 106: Error: Could not get children of file(C:\Users\Peter\AppData\Local\Temp\rust_mozprofileWsTw0L\thumbnails) because it does not exist
JavaScript error: resource://gre/modules/PromiseWorker.jsm, line 106: Error: Could not get children of file(C:\Users\Peter\AppData\Local\Temp\rust_mozprofileWsTw0L\thumbnails) because it does not exist
JavaScript error: resource://gre/modules/PromiseWorker.jsm, line 106: Error: Could not get children of file(C:\Users\Peter\AppData\Local\Temp\rust_mozprofileWsTw0L\thumbnails) because it does not exist
Exiting due to channel error.
ter\\AppData\\Local\\Temp\\rust_mozprofileQmARGa\\search.json.mozlz4", (void 0)))
DevTools listening on ws://localhost:58399/devtools/browser/9cd149bb-74f9-4038-9bea-8054e294ebff
1636245213943	Marionette	INFO	Listening on port 55342
1636245214453	RemoteAgent	WARN	TLS certificate errors will be ignored for this session
console.log: WebExtensions: reset-default-search: starting.
console.log: WebExtensions: reset-default-search: No addons in our list are installed.
JavaScript error: , line 0: NS_ERROR_NOT_AVAILABLE
JavaScript error: , line 0: NS_ERROR_NOT_AVAILABLE
JavaScript error: resource://gre/modules/PromiseWorker.jsm, line 106: Error: Could not get children of file(C:\Users\Peter\AppData\Local\Temp\rust_mozprofileQmARGa\thumbnails) because it does not exist
JavaScript error: resource://gre/modules/PromiseWorker.jsm, line 106: Error: Could not get children of file(C:\Users\Peter\AppData\Local\Temp\rust_mozprofileQmARGa\thumbnails) because it does not exist
JavaScript error: resource://gre/modules/PromiseWorker.jsm, line 106: Error: Could not get children of file(C:\Users\Peter\AppData\Local\Temp\rust_mozprofileQmARGa\thumbnails) because it does not exist
JavaScript error: resource://gre/modules/PromiseWorker.jsm, line 106: Error: Could not get children of file(C:\Users\Peter\AppData\Local\Temp\rust_mozprofileQmARGa\thumbnails) because it does not exist
JavaScript error: resource://gre/modules/PromiseWorker.jsm, line 106: Error: Could not get children of file(C:\Users\Peter\AppData\Local\Temp\rust_mozprofileQmARGa\thumbnails) because it does not exist
JavaScript error: resource://gre/modules/PromiseWorker.jsm, line 106: Error: Could not get children of file(C:\Users\Peter\AppData\Local\Temp\rust_mozprofileQmARGa\thumbnails) because it does not exist
JavaScript error: resource://gre/modules/PromiseWorker.jsm, line 106: Error: Could not get children of file(C:\Users\Peter\AppData\Local\Temp\rust_mozprofileQmARGa\thumbnails) because it does not exist
JavaScript error: resource://gre/modules/PromiseWorker.jsm, line 106: Error: Could not get children of file(C:\Users\Peter\AppData\Local\Temp\rust_mozprofileQmARGa\thumbnails) because it does not exist
JavaScript error: resource://gre/modules/PromiseWorker.jsm, line 106: Error: Could not get children of file(C:\Users\Peter\AppData\Local\Temp\rust_mozprofileQmARGa\thumbnails) because it does not exist
JavaScript error: resource://gre/modules/PromiseWorker.jsm, line 106: Error: Could not get children of file(C:\Users\Peter\AppData\Local\Temp\rust_mozprofileQmARGa\thumbnails) because it does not exist
JavaScript error: resource://gre/modules/PromiseWorker.jsm, line 106: Error: Could not get children of file(C:\Users\Peter\AppData\Local\Temp\rust_mozprofileQmARGa\thumbnails) because it does not exist
JavaScript error: resource://gre/modules/PromiseWorker.jsm, line 106: Error: Could not get children of file(C:\Users\Peter\AppData\Local\Temp\rust_mozprofileQmARGa\thumbnails) because it does not exist
JavaScript error: resource://gre/modules/PromiseWorker.jsm, line 106: Error: Could not get children of file(C:\Users\Peter\AppData\Local\Temp\rust_mozprofileQmARGa\thumbnails) because it does not exist
JavaScript error: resource://gre/modules/PromiseWorker.jsm, line 106: Error: Could not get children of file(C:\Users\Peter\AppData\Local\Temp\rust_mozprofileQmARGa\thumbnails) because it does not exist
JavaScript error: resource://gre/modules/PromiseWorker.jsm, line 106: Error: Could not get children of file(C:\Users\Peter\AppData\Local\Temp\rust_mozprofileQmARGa\thumbnails) because it does not exist
JavaScript error: resource://gre/modules/PromiseWorker.jsm, line 106: Error: Could not get children of file(C:\Users\Peter\AppData\Local\Temp\rust_mozprofileQmARGa\thumbnails) because it does not exist
JavaScript error: resource://gre/modules/PromiseWorker.jsm, line 106: Error: Could not get children of file(C:\Users\Peter\AppData\Local\Temp\rust_mozprofileQmARGa\thumbnails) because it does not exist
JavaScript error: resource://gre/modules/PromiseWorker.jsm, line 106: Error: Could not get children of file(C:\Users\Peter\AppData\Local\Temp\rust_mozprofileQmARGa\thumbnails) because it does not exist
Exiting due to channel error.
sers\Peter\AppData\Local\Temp\rust_mozprofileeyCsk0\thumbnails) because it does not exist
JavaScript error: resource://gre/modules/PromiseWorker.jsm, line 106: Error: Could not get children of file(C:\Users\Peter\AppData\Local\Temp\rust_mozprofileeyCsk0\thumbnails) because it does not exist
JavaScript error: resource://gre/modules/PromiseWorker.jsm, line 106: Error: Could not get children of file(C:\Users\Peter\AppData\Local\Temp\rust_mozprofileeyCsk0\thumbnails) because it does not exist
JavaScript error: resource://gre/modules/PromiseWorker.jsm, line 106: Error: Could not get children of file(C:\Users\Peter\AppData\Local\Temp\rust_mozprofileeyCsk0\thumbnails) because it does not exist
JavaScript error: resource://gre/modules/PromiseWorker.jsm, line 106: Error: Could not get children of file(C:\Users\Peter\AppData\Local\Temp\rust_mozprofileeyCsk0\thumbnails) because it does not exist
Exiting due to channel error.
sers\Peter\AppData\Local\Temp\rust_mozprofileeFuSwG\thumbnails) because it does not exist
JavaScript error: resource://gre/modules/PromiseWorker.jsm, line 106: Error: Could not get children of file(C:\Users\Peter\AppData\Local\Temp\rust_mozprofileeFuSwG\thumbnails) because it does not exist
JavaScript error: resource://gre/modules/PromiseWorker.jsm, line 106: Error: Could not get children of file(C:\Users\Peter\AppData\Local\Temp\rust_mozprofileeFuSwG\thumbnails) because it does not exist
JavaScript error: resource://gre/modules/PromiseWorker.jsm, line 106: Error: Could not get children of file(C:\Users\Peter\AppData\Local\Temp\rust_mozprofileeFuSwG\thumbnails) because it does not exist
JavaScript error: resource://gre/modules/PromiseWorker.jsm, line 106: Error: Could not get children of file(C:\Users\Peter\AppData\Local\Temp\rust_mozprofileeFuSwG\thumbnails) because it does not exist
Exiting due to channel error.
tings: "get: No settings file exists, new profile?" (new NotFoundError("Could not open the file at C:\\Users\\Peter\\AppData\\Local\\Temp\\rust_mozprofileDjpPM6\\search.json.mozlz4", (void 0)))
DevTools listening on ws://localhost:49522/devtools/browser/73e99811-33ed-4d20-9f30-50ff343c4889
1636245506742	Marionette	INFO	Listening on port 58549
1636245507018	RemoteAgent	WARN	TLS certificate errors will be ignored for this session
JavaScript error: resource://gre/actors/AutoCompleteChild.jsm, line 125: Error: Invalid autocomplete selectedIndex
JavaScript error: resource://gre/actors/AutoCompleteChild.jsm, line 125: Error: Invalid autocomplete selectedIndex
JavaScript error: resource://gre/modules/LoginManagerChild.jsm, line 194: NS_ERROR_XPC_JAVASCRIPT_ERROR_WITH_DETAILS: [JavaScript Error: "Invalid autocomplete selectedIndex" {file: "resource://gre/actors/AutoCompleteChild.jsm" line: 125}]'[JavaScript Error: "Invalid autocomplete selectedIndex" {file: "resource://gre/actors/AutoCompleteChild.jsm" line: 125}]' when calling method: [nsIAutoCompletePopup::selectedIndex]
JavaScript warning: https://io.vtex.com.br/vtex-id-ui/front-libs/figprt.js?_=1636245515970, line 997: WEBGL_debug_renderer_info is deprecated in Firefox and will be removed. Please use RENDERER.
console.error: (new TypeError("container.editor is undefined", "resource://devtools/client/inspector/markup/markup.js", 1619))
JavaScript error: resource://devtools/server/actors/network-monitor/network-event-actor.js, line 110: Error: Got a request https://www.gstatic.com/recaptcha/releases/kcXVPRWG7fMILHmzon0--fD3/styles__ltr.css without a browsingContextID set
JavaScript error: resource://devtools/server/actors/network-monitor/network-event-actor.js, line 110: Error: Got a request https://fonts.googleapis.com/css?family=Montserrat:300,400,500,600,700,800,900&display=swap without a browsingContextID set
1636245709190	Marionette	INFO	Stopped listening on port 58549
console.warn: TopSitesFeed: Failed to fetch data from Contile server: NetworkError when attempting to fetch resource.
JavaScript error: , line 0: TypeError: NetworkError when attempting to fetch resource.
JavaScript error: , line 0: TypeError: NetworkError when attempting to fetch resource.
JavaScript error: , line 0: TypeError: NetworkError when attempting to fetch resource.
JavaScript error: chrome://remote/content/marionette/cert.js, line 55: NS_ERROR_NOT_AVAILABLE: Component returned failure code: 0x80040111 (NS_ERROR_NOT_AVAILABLE) [nsICertOverrideService.setDisableAllSecurityChecksAndLetAttackersInterceptMyData]

###!!! [Child][RunMessage] Error: Channel closing: too late to send/recv, messages will be lost


###!!! [Child][RunMessage] Error: Channel closing: too late to send/recv, messages will be lost


###!!! [Child][RunMessage] Error: Channel closing: too late to send/recv, messages will be lost

1636245714654	geckodriver	INFO	Listening on 127.0.0.1:56810
1636245716669	mozrunner::runner	INFO	Running command: "C:\\Program Files\\Mozilla Firefox\\firefox.exe" "--marionette" "--remote-debugging-port" "56811" "-no-remote" "-profile" "C:\\Users\\Peter\\AppData\\Local\\Temp\\rust_mozprofile65E96K"
1636245716961	Marionette	INFO	Marionette enabled
console.warn: SearchSettings: "get: No settings file exists, new profile?" (new NotFoundError("Could not open the file at C:\\Users\\Peter\\AppData\\Local\\Temp\\rust_mozprofile65E96K\\search.json.mozlz4", (void 0)))
DevTools listening on ws://localhost:56811/devtools/browser/be6f0811-916f-44dc-8b6f-cb4fbec6881b
1636245718633	Marionette	INFO	Listening on port 61465
1636245718790	RemoteAgent	WARN	TLS certificate errors will be ignored for this session
JavaScript error: resource://gre/actors/AutoCompleteChild.jsm, line 125: Error: Invalid autocomplete selectedIndex
JavaScript error: resource://gre/actors/AutoCompleteChild.jsm, line 125: Error: Invalid autocomplete selectedIndex
JavaScript error: resource://gre/modules/LoginManagerChild.jsm, line 194: NS_ERROR_XPC_JAVASCRIPT_ERROR_WITH_DETAILS: [JavaScript Error: "Invalid autocomplete selectedIndex" {file: "resource://gre/actors/AutoCompleteChild.jsm" line: 125}]'[JavaScript Error: "Invalid autocomplete selectedIndex" {file: "resource://gre/actors/AutoCompleteChild.jsm" line: 125}]' when calling method: [nsIAutoCompletePopup::selectedIndex]
JavaScript warning: https://io.vtex.com.br/vtex-id-ui/front-libs/figprt.js?_=1636245728060, line 997: WEBGL_debug_renderer_info is deprecated in Firefox and will be removed. Please use RENDERER.
1636245740101	Marionette	INFO	Stopped listening on port 61465
console.warn: TopSitesFeed: Failed to fetch data from Contile server: NetworkError when attempting to fetch resource.
JavaScript error: chrome://remote/content/marionette/cert.js, line 55: NS_ERROR_NOT_AVAILABLE: Component returned failure code: 0x80040111 (NS_ERROR_NOT_AVAILABLE) [nsICertOverrideService.setDisableAllSecurityChecksAndLetAttackersInterceptMyData]
1636245773642	geckodriver	INFO	Listening on 127.0.0.1:56710
1636245775677	mozrunner::runner	INFO	Running command: "C:\\Program Files\\Mozilla Firefox\\firefox.exe" "--marionette" "--remote-debugging-port" "56711" "-no-remote" "-profile" "C:\\Users\\Peter\\AppData\\Local\\Temp\\rust_mozprofiley7Rg7z"
1636245775941	Marionette	INFO	Marionette enabled
console.warn: SearchSettings: "get: No settings file exists, new profile?" (new NotFoundError("Could not open the file at C:\\Users\\Peter\\AppData\\Local\\Temp\\rust_mozprofiley7Rg7z\\search.json.mozlz4", (void 0)))
DevTools listening on ws://localhost:56711/devtools/browser/214629fa-9551-448f-bb0b-8d33484caaac
1636245777771	Marionette	INFO	Listening on port 57763
1636245777795	RemoteAgent	WARN	TLS certificate errors will be ignored for this session
JavaScript error: resource://gre/actors/AutoCompleteChild.jsm, line 125: Error: Invalid autocomplete selectedIndex
JavaScript error: resource://gre/actors/AutoCompleteChild.jsm, line 125: Error: Invalid autocomplete selectedIndex
JavaScript error: resource://gre/modules/LoginManagerChild.jsm, line 194: NS_ERROR_XPC_JAVASCRIPT_ERROR_WITH_DETAILS: [JavaScript Error: "Invalid autocomplete selectedIndex" {file: "resource://gre/actors/AutoCompleteChild.jsm" line: 125}]'[JavaScript Error: "Invalid autocomplete selectedIndex" {file: "resource://gre/actors/AutoCompleteChild.jsm" line: 125}]' when calling method: [nsIAutoCompletePopup::selectedIndex]
JavaScript warning: https://io.vtex.com.br/vtex-id-ui/front-libs/figprt.js?_=1636245786774, line 997: WEBGL_debug_renderer_info is deprecated in Firefox and will be removed. Please use RENDERER.
1636245928222	Marionette	INFO	Stopped listening on port 57763
console.warn: TopSitesFeed: Failed to fetch data from Contile server: NetworkError when attempting to fetch resource.

###!!! [Child][RunMessage] Error: Channel closing: too late to send/recv, messages will be lost

1636245933990	geckodriver	INFO	Listening on 127.0.0.1:52835
1636245936017	mozrunner::runner	INFO	Running command: "C:\\Program Files\\Mozilla Firefox\\firefox.exe" "--marionette" "--remote-debugging-port" "52836" "-no-remote" "-profile" "C:\\Users\\Peter\\AppData\\Local\\Temp\\rust_mozprofilecoipIv"
1636245936282	Marionette	INFO	Marionette enabled
console.warn: SearchSettings: "get: No settings file exists, new profile?" (new NotFoundError("Could not open the file at C:\\Users\\Peter\\AppData\\Local\\Temp\\rust_mozprofilecoipIv\\search.json.mozlz4", (void 0)))
DevTools listening on ws://localhost:52836/devtools/browser/04db9f38-44fa-473c-ac57-6f0768374af0
1636245937628	Marionette	INFO	Listening on port 59071
1636245938133	RemoteAgent	WARN	TLS certificate errors will be ignored for this session
JavaScript error: resource://gre/actors/AutoCompleteChild.jsm, line 125: Error: Invalid autocomplete selectedIndex
JavaScript error: resource://gre/actors/AutoCompleteChild.jsm, line 125: Error: Invalid autocomplete selectedIndex
JavaScript error: resource://gre/modules/LoginManagerChild.jsm, line 194: NS_ERROR_XPC_JAVASCRIPT_ERROR_WITH_DETAILS: [JavaScript Error: "Invalid autocomplete selectedIndex" {file: "resource://gre/actors/AutoCompleteChild.jsm" line: 125}]'[JavaScript Error: "Invalid autocomplete selectedIndex" {file: "resource://gre/actors/AutoCompleteChild.jsm" line: 125}]' when calling method: [nsIAutoCompletePopup::selectedIndex]
JavaScript warning: https://io.vtex.com.br/vtex-id-ui/front-libs/figprt.js?_=1636245951878, line 997: WEBGL_debug_renderer_info is deprecated in Firefox and will be removed. Please use RENDERER.
1636245980549	Marionette	INFO	Stopped listening on port 59071
console.warn: TopSitesFeed: Failed to fetch data from Contile server: NetworkError when attempting to fetch resource.
JavaScript error: chrome://remote/content/marionette/cert.js, line 55: NS_ERROR_NOT_AVAILABLE: Component returned failure code: 0x80040111 (NS_ERROR_NOT_AVAILABLE) [nsICertOverrideService.setDisableAllSecurityChecksAndLetAttackersInterceptMyData]
1636245997736	geckodriver	INFO	Listening on 127.0.0.1:54074
1636245999770	mozrunner::runner	INFO	Running command: "C:\\Program Files\\Mozilla Firefox\\firefox.exe" "--marionette" "--remote-debugging-port" "54075" "-no-remote" "-profile" "C:\\Users\\Peter\\AppData\\Local\\Temp\\rust_mozprofilecLptl8"
1636246000041	Marionette	INFO	Marionette enabled
console.warn: SearchSettings: "get: No settings file exists, new profile?" (new NotFoundError("Could not open the file at C:\\Users\\Peter\\AppData\\Local\\Temp\\rust_mozprofilecLptl8\\search.json.mozlz4", (void 0)))
DevTools listening on ws://localhost:54075/devtools/browser/63b03bb3-4bf9-4053-a3a8-53e699f2606d
1636246001377	Marionette	INFO	Listening on port 63132
1636246001396	RemoteAgent	WARN	TLS certificate errors will be ignored for this session
JavaScript error: resource://gre/actors/AutoCompleteChild.jsm, line 125: Error: Invalid autocomplete selectedIndex
JavaScript error: resource://gre/actors/AutoCompleteChild.jsm, line 125: Error: Invalid autocomplete selectedIndex
JavaScript error: resource://gre/modules/LoginManagerChild.jsm, line 194: NS_ERROR_XPC_JAVASCRIPT_ERROR_WITH_DETAILS: [JavaScript Error: "Invalid autocomplete selectedIndex" {file: "resource://gre/actors/AutoCompleteChild.jsm" line: 125}]'[JavaScript Error: "Invalid autocomplete selectedIndex" {file: "resource://gre/actors/AutoCompleteChild.jsm" line: 125}]' when calling method: [nsIAutoCompletePopup::selectedIndex]
JavaScript warning: https://io.vtex.com.br/vtex-id-ui/front-libs/figprt.js?_=1636246010976, line 997: WEBGL_debug_renderer_info is deprecated in Firefox and will be removed. Please use RENDERER.
1636246026438	Marionette	INFO	Stopped listening on port 63132

###!!! [Parent][MessageChannel] Error: (msgtype=0x39014D,name=PContent::Reply_DiscardBrowsingContext) Closed channel: cannot send/recv


###!!! [Parent][MessageChannel] Error: (msgtype=0x39014D,name=PContent::Reply_DiscardBrowsingContext) Closed channel: cannot send/recv


###!!! [Parent][MessageChannel] Error: (msgtype=0x39014D,name=PContent::Reply_DiscardBrowsingContext) Closed channel: cannot send/recv


###!!! [Parent][MessageChannel] Error: (msgtype=0x39014D,name=PContent::Reply_DiscardBrowsingContext) Closed channel: cannot send/recv


###!!! [Parent][MessageChannel] Error: (msgtype=0x39014D,name=PContent::Reply_DiscardBrowsingContext) Closed channel: cannot send/recv


###!!! [Parent][MessageChannel] Error: (msgtype=0x39007A,name=PContent::Msg_DestroyBrowsingContextGroup) Closed channel: cannot send/recv


###!!! [Child][MessageChannel] Error: (msgtype=0x590008,name=PHttpChannel::Msg_DeletingChannel) Channel closing: too late to send/recv, messages will be lost


###!!! [Child][MessageChannel] Error: (msgtype=0x590008,name=PHttpChannel::Msg_DeletingChannel) Channel closing: too late to send/recv, messages will be lost


###!!! [Child][RunMessage] Error: Channel closing: too late to send/recv, messages will be lost


###!!! [Child][RunMessage] Error: Channel closing: too late to send/recv, messages will be lost


###!!! [Child][RunMessage] Error: Channel closing: too late to send/recv, messages will be lost


###!!! [Child][RunMessage] Error: Channel closing: too late to send/recv, messages will be lost


###!!! [Child][RunMessage] Error: Channel closing: too late to send/recv, messages will be lost


###!!! [Child][RunMessage] Error: Channel closing: too late to send/recv, messages will be lost

1636246189040	geckodriver	INFO	Listening on 127.0.0.1:51972
1636246191072	mozrunner::runner	INFO	Running command: "C:\\Program Files\\Mozilla Firefox\\firefox.exe" "--marionette" "--remote-debugging-port" "51973" "-no-remote" "-profile" "C:\\Users\\Peter\\AppData\\Local\\Temp\\rust_mozprofilevPLhOh"
1636246191722	Marionette	INFO	Marionette enabled
console.warn: SearchSettings: "get: No settings file exists, new profile?" (new NotFoundError("Could not open the file at C:\\Users\\Peter\\AppData\\Local\\Temp\\rust_mozprofilevPLhOh\\search.json.mozlz4", (void 0)))
DevTools listening on ws://localhost:51973/devtools/browser/d36805fc-5b42-416f-98cf-88b59030b65e
1636246194164	Marionette	INFO	Listening on port 50752
1636246194401	RemoteAgent	WARN	TLS certificate errors will be ignored for this session
JavaScript error: resource://gre/actors/AutoCompleteChild.jsm, line 125: Error: Invalid autocomplete selectedIndex
JavaScript error: resource://gre/actors/AutoCompleteChild.jsm, line 125: Error: Invalid autocomplete selectedIndex
JavaScript error: resource://gre/modules/LoginManagerChild.jsm, line 194: NS_ERROR_XPC_JAVASCRIPT_ERROR_WITH_DETAILS: [JavaScript Error: "Invalid autocomplete selectedIndex" {file: "resource://gre/actors/AutoCompleteChild.jsm" line: 125}]'[JavaScript Error: "Invalid autocomplete selectedIndex" {file: "resource://gre/actors/AutoCompleteChild.jsm" line: 125}]' when calling method: [nsIAutoCompletePopup::selectedIndex]
JavaScript warning: https://io.vtex.com.br/vtex-id-ui/front-libs/figprt.js?_=1636246203751, line 997: WEBGL_debug_renderer_info is deprecated in Firefox and will be removed. Please use RENDERER.
console.log: WebExtensions: reset-default-search: starting.
console.log: WebExtensions: reset-default-search: No addons in our list are installed.
1636246714261	Marionette	INFO	Stopped listening on port 50752
console.warn: TopSitesFeed: Failed to fetch data from Contile server: NetworkError when attempting to fetch resource.

###!!! [Child][RunMessage] Error: Channel closing: too late to send/recv, messages will be lost


###!!! [Child][RunMessage] Error: Channel closing: too late to send/recv, messages will be lost


###!!! [Child][RunMessage] Error: Channel closing: too late to send/recv, messages will be lost

1636246726172	geckodriver	INFO	Listening on 127.0.0.1:49994
1636246728190	mozrunner::runner	INFO	Running command: "C:\\Program Files\\Mozilla Firefox\\firefox.exe" "--marionette" "--remote-debugging-port" "49995" "-no-remote" "-profile" "C:\\Users\\Peter\\AppData\\Local\\Temp\\rust_mozprofilecsO7WF"
1636246728434	Marionette	INFO	Marionette enabled
console.warn: SearchSettings: "get: No settings file exists, new profile?" (new NotFoundError("Could not open the file at C:\\Users\\Peter\\AppData\\Local\\Temp\\rust_mozprofilecsO7WF\\search.json.mozlz4", (void 0)))
DevTools listening on ws://localhost:49995/devtools/browser/2996a865-bd1e-478e-b31c-09a262e9b859
1636246729798	Marionette	INFO	Listening on port 55026
1636246730308	RemoteAgent	WARN	TLS certificate errors will be ignored for this session
JavaScript error: resource://gre/actors/AutoCompleteChild.jsm, line 125: Error: Invalid autocomplete selectedIndex
JavaScript error: resource://gre/actors/AutoCompleteChild.jsm, line 125: Error: Invalid autocomplete selectedIndex
JavaScript error: resource://gre/modules/LoginManagerChild.jsm, line 194: NS_ERROR_XPC_JAVASCRIPT_ERROR_WITH_DETAILS: [JavaScript Error: "Invalid autocomplete selectedIndex" {file: "resource://gre/actors/AutoCompleteChild.jsm" line: 125}]'[JavaScript Error: "Invalid autocomplete selectedIndex" {file: "resource://gre/actors/AutoCompleteChild.jsm" line: 125}]' when calling method: [nsIAutoCompletePopup::selectedIndex]
JavaScript warning: https://io.vtex.com.br/vtex-id-ui/front-libs/figprt.js?_=1636246744337, line 997: WEBGL_debug_renderer_info is deprecated in Firefox and will be removed. Please use RENDERER.
JavaScript error: resource://devtools/server/actors/network-monitor/network-event-actor.js, line 110: Error: Got a request https://fonts.googleapis.com/css?family=Montserrat:300,400,500,600,700,800,900&display=swap without a browsingContextID set
1636247029260	Marionette	INFO	Stopped listening on port 55026
console.warn: TopSitesFeed: Failed to fetch data from Contile server: NetworkError when attempting to fetch resource.
1636247030143	geckodriver	INFO	Listening on 127.0.0.1:65512
1636247032146	mozrunner::runner	INFO	Running command: "C:\\Program Files\\Mozilla Firefox\\firefox.exe" "--marionette" "--remote-debugging-port" "65513" "-no-remote" "-profile" "C:\\Users\\Peter\\AppData\\Local\\Temp\\rust_mozprofileMZCQBx"
1636247032383	Marionette	INFO	Marionette enabled
console.warn: SearchSettings: "get: No settings file exists, new profile?" (new NotFoundError("Could not open the file at C:\\Users\\Peter\\AppData\\Local\\Temp\\rust_mozprofileMZCQBx\\search.json.mozlz4", (void 0)))
DevTools listening on ws://localhost:65513/devtools/browser/8192b8cd-9e14-48a1-b9b9-a4adb13aa605
1636247033858	Marionette	INFO	Listening on port 57814
1636247034267	RemoteAgent	WARN	TLS certificate errors will be ignored for this session
JavaScript error: resource://gre/actors/AutoCompleteChild.jsm, line 125: Error: Invalid autocomplete selectedIndex
JavaScript error: resource://gre/actors/AutoCompleteChild.jsm, line 125: Error: Invalid autocomplete selectedIndex
JavaScript error: resource://gre/modules/LoginManagerChild.jsm, line 194: NS_ERROR_XPC_JAVASCRIPT_ERROR_WITH_DETAILS: [JavaScript Error: "Invalid autocomplete selectedIndex" {file: "resource://gre/actors/AutoCompleteChild.jsm" line: 125}]'[JavaScript Error: "Invalid autocomplete selectedIndex" {file: "resource://gre/actors/AutoCompleteChild.jsm" line: 125}]' when calling method: [nsIAutoCompletePopup::selectedIndex]
JavaScript warning: https://io.vtex.com.br/vtex-id-ui/front-libs/figprt.js?_=1636247046754, line 997: WEBGL_debug_renderer_info is deprecated in Firefox and will be removed. Please use RENDERER.
1636247111656	Marionette	INFO	Stopped listening on port 57814
console.warn: TopSitesFeed: Failed to fetch data from Contile server: NetworkError when attempting to fetch resource.
1636247114282	geckodriver	INFO	Listening on 127.0.0.1:56245
1636247116293	mozrunner::runner	INFO	Running command: "C:\\Program Files\\Mozilla Firefox\\firefox.exe" "--marionette" "--remote-debugging-port" "56246" "-no-remote" "-profile" "C:\\Users\\Peter\\AppData\\Local\\Temp\\rust_mozprofileAQtZRd"
1636247116534	Marionette	INFO	Marionette enabled
console.warn: SearchSettings: "get: No settings file exists, new profile?" (new NotFoundError("Could not open the file at C:\\Users\\Peter\\AppData\\Local\\Temp\\rust_mozprofileAQtZRd\\search.json.mozlz4", (void 0)))
DevTools listening on ws://localhost:56246/devtools/browser/fa7fde43-5f06-426c-af7f-9c74023f33fe
1636247118346	Marionette	INFO	Listening on port 59884
1636247118410	RemoteAgent	WARN	TLS certificate errors will be ignored for this session
JavaScript error: resource://gre/actors/AutoCompleteChild.jsm, line 125: Error: Invalid autocomplete selectedIndex
JavaScript error: resource://gre/actors/AutoCompleteChild.jsm, line 125: Error: Invalid autocomplete selectedIndex
JavaScript error: resource://gre/modules/LoginManagerChild.jsm, line 194: NS_ERROR_XPC_JAVASCRIPT_ERROR_WITH_DETAILS: [JavaScript Error: "Invalid autocomplete selectedIndex" {file: "resource://gre/actors/AutoCompleteChild.jsm" line: 125}]'[JavaScript Error: "Invalid autocomplete selectedIndex" {file: "resource://gre/actors/AutoCompleteChild.jsm" line: 125}]' when calling method: [nsIAutoCompletePopup::selectedIndex]
JavaScript warning: https://io.vtex.com.br/vtex-id-ui/front-libs/figprt.js?_=1636247124011, line 997: WEBGL_debug_renderer_info is deprecated in Firefox and will be removed. Please use RENDERER.
JavaScript warning: https://pagead2.googlesyndication.com/bg/cr6w3YeOZbdvzGsTB8jc1jWyQH2Tx0ZUK6FFw6rgKog.js line 1 > eval line 3254 > eval line 1 > eval line 1 > eval, line 1: WEBGL_debug_renderer_info is deprecated in Firefox and will be removed. Please use RENDERER.
JavaScript warning: https://pagead2.googlesyndication.com/bg/cr6w3YeOZbdvzGsTB8jc1jWyQH2Tx0ZUK6FFw6rgKog.js line 1 > eval line 2999 > eval line 1 > eval line 1 > eval, line 1: WEBGL_debug_renderer_info is deprecated in Firefox and will be removed. Please use RENDERER.
JavaScript warning: https://pagead2.googlesyndication.com/bg/cr6w3YeOZbdvzGsTB8jc1jWyQH2Tx0ZUK6FFw6rgKog.js line 1 > eval line 7636 > eval line 1 > eval line 1 > eval, line 1: WEBGL_debug_renderer_info is deprecated in Firefox and will be removed. Please use RENDERER.
JavaScript warning: https://pagead2.googlesyndication.com/bg/cr6w3YeOZbdvzGsTB8jc1jWyQH2Tx0ZUK6FFw6rgKog.js line 1 > eval line 7468 > eval line 1 > eval line 1 > eval, line 1: WEBGL_debug_renderer_info is deprecated in Firefox and will be removed. Please use RENDERER.
JavaScript error: https://ads.pubmatic.com/AdServer/js/user_sync.html?kdntuid=1&p=157369&gdpr=0&gdpr_consent=&us_privacy=1---, line 1: ReferenceError: CommonMeta is not defined
JavaScript error: , line 0: TypeError: NetworkError when attempting to fetch resource.
JavaScript error: , line 0: TypeError: NetworkError when attempting to fetch resource.
JavaScript error: , line 0: TypeError: NetworkError when attempting to fetch resource.
1636247341347	Marionette	INFO	Stopped listening on port 59884
console.warn: TopSitesFeed: Failed to fetch data from Contile server: NetworkError when attempting to fetch resource.
1636247921616	geckodriver	INFO	Listening on 127.0.0.1:50748
1636247923626	mozrunner::runner	INFO	Running command: "C:\\Program Files\\Mozilla Firefox\\firefox.exe" "--marionette" "-headless" "--remote-debugging-port" "50749" "-no-remote" "-profile" "C:\\Users\\Peter\\AppData\\Local\\Temp\\rust_mozprofilezu53Qb"
*** You are running in headless mode.
1636247923864	Marionette	INFO	Marionette enabled
[GFX1-]: RenderCompositorSWGL failed mapping default framebuffer, no dt
console.warn: SearchSettings: "get: No settings file exists, new profile?" (new NotFoundError("Could not open the file at C:\\Users\\Peter\\AppData\\Local\\Temp\\rust_mozprofilezu53Qb\\search.json.mozlz4", (void 0)))
DevTools listening on ws://localhost:50749/devtools/browser/2e62b009-dded-48c3-80e1-fe088c9446a8
1636247924820	Marionette	INFO	Listening on port 54924
1636247925241	RemoteAgent	WARN	TLS certificate errors will be ignored for this session
JavaScript error: resource://gre/actors/AutoCompleteChild.jsm, line 125: Error: Invalid autocomplete selectedIndex
JavaScript error: resource://gre/actors/AutoCompleteChild.jsm, line 125: Error: Invalid autocomplete selectedIndex
JavaScript error: resource://gre/modules/LoginManagerChild.jsm, line 194: NS_ERROR_XPC_JAVASCRIPT_ERROR_WITH_DETAILS: [JavaScript Error: "Invalid autocomplete selectedIndex" {file: "resource://gre/actors/AutoCompleteChild.jsm" line: 125}]'[JavaScript Error: "Invalid autocomplete selectedIndex" {file: "resource://gre/actors/AutoCompleteChild.jsm" line: 125}]' when calling method: [nsIAutoCompletePopup::selectedIndex]
JavaScript warning: https://io.vtex.com.br/vtex-id-ui/front-libs/figprt.js?_=1636247931435, line 997: WEBGL_debug_renderer_info is deprecated in Firefox and will be removed. Please use RENDERER.
1636247960829	Marionette	INFO	Stopped listening on port 54924

###!!! [Parent][MessageChannel] Error: (msgtype=0x39014D,name=PContent::Reply_DiscardBrowsingContext) Closed channel: cannot send/recv


###!!! [Parent][MessageChannel] Error: (msgtype=0x39014D,name=PContent::Reply_DiscardBrowsingContext) Closed channel: cannot send/recv


###!!! [Parent][MessageChannel] Error: (msgtype=0x39014D,name=PContent::Reply_DiscardBrowsingContext) Closed channel: cannot send/recv


###!!! [Parent][MessageChannel] Error: (msgtype=0x39014D,name=PContent::Reply_DiscardBrowsingContext) Closed channel: cannot send/recv


###!!! [Parent][MessageChannel] Error: (msgtype=0x39014D,name=PContent::Reply_DiscardBrowsingContext) Closed channel: cannot send/recv


###!!! [Child][RunMessage] Error: Channel closing: too late to send/recv, messages will be lost


###!!! [Child][RunMessage] Error: Channel closing: too late to send/recv, messages will be lost


###!!! [Child][RunMessage] Error: Channel closing: too late to send/recv, messages will be lost


###!!! [Child][RunMessage] Error: Channel closing: too late to send/recv, messages will be lost


###!!! [Child][RunMessage] Error: Channel closing: too late to send/recv, messages will be lost


###!!! [Child][RunMessage] Error: Channel closing: too late to send/recv, messages will be lost


###!!! [Parent][MessageChannel] Error: (msgtype=0x39007A,name=PContent::Msg_DestroyBrowsingContextGroup) Closed channel: cannot send/recv


###!!! [Child][RunMessage] Error: Channel closing: too late to send/recv, messages will be lost

1636248395375	geckodriver	INFO	Listening on 127.0.0.1:49555
1636248397381	mozrunner::runner	INFO	Running command: "C:\\Program Files\\Mozilla Firefox\\firefox.exe" "--marionette" "-headless" "--remote-debugging-port" "49556" "-no-remote" "-profile" "C:\\Users\\Peter\\AppData\\Local\\Temp\\rust_mozprofilewymXJH"
*** You are running in headless mode.
1636248397599	Marionette	INFO	Marionette enabled
[GFX1-]: RenderCompositorSWGL failed mapping default framebuffer, no dt
console.warn: SearchSettings: "get: No settings file exists, new profile?" (new NotFoundError("Could not open the file at C:\\Users\\Peter\\AppData\\Local\\Temp\\rust_mozprofilewymXJH\\search.json.mozlz4", (void 0)))
DevTools listening on ws://localhost:49556/devtools/browser/72a6f6f4-d494-4cc0-b845-ef67f7ba065d
1636248398597	Marionette	INFO	Listening on port 63826
1636248398996	RemoteAgent	WARN	TLS certificate errors will be ignored for this session
JavaScript error: resource://gre/actors/AutoCompleteChild.jsm, line 125: Error: Invalid autocomplete selectedIndex
JavaScript error: resource://gre/actors/AutoCompleteChild.jsm, line 125: Error: Invalid autocomplete selectedIndex
JavaScript error: resource://gre/modules/LoginManagerChild.jsm, line 194: NS_ERROR_XPC_JAVASCRIPT_ERROR_WITH_DETAILS: [JavaScript Error: "Invalid autocomplete selectedIndex" {file: "resource://gre/actors/AutoCompleteChild.jsm" line: 125}]'[JavaScript Error: "Invalid autocomplete selectedIndex" {file: "resource://gre/actors/AutoCompleteChild.jsm" line: 125}]' when calling method: [nsIAutoCompletePopup::selectedIndex]
JavaScript warning: https://io.vtex.com.br/vtex-id-ui/front-libs/figprt.js?_=1636248410423, line 997: WEBGL_debug_renderer_info is deprecated in Firefox and will be removed. Please use RENDERER.
1636248443360	Marionette	INFO	Stopped listening on port 63826

###!!! [Parent][MessageChannel] Error: (msgtype=0x39014D,name=PContent::Reply_DiscardBrowsingContext) Closed channel: cannot send/recv


###!!! [Parent][MessageChannel] Error: (msgtype=0x39014D,name=PContent::Reply_DiscardBrowsingContext) Closed channel: cannot send/recv


###!!! [Parent][MessageChannel] Error: (msgtype=0x39014D,name=PContent::Reply_DiscardBrowsingContext) Closed channel: cannot send/recv


###!!! [Parent][MessageChannel] Error: (msgtype=0x39014D,name=PContent::Reply_DiscardBrowsingContext) Closed channel: cannot send/recv


###!!! [Parent][MessageChannel] Error: (msgtype=0x39014D,name=PContent::Reply_DiscardBrowsingContext) Closed channel: cannot send/recv


###!!! [Parent][MessageChannel] Error: (msgtype=0x39007A,name=PContent::Msg_DestroyBrowsingContextGroup) Closed channel: cannot send/recv


###!!! [Child][RunMessage] Error: Channel closing: too late to send/recv, messages will be lost


###!!! [Child][RunMessage] Error: Channel closing: too late to send/recv, messages will be lost


###!!! [Child][RunMessage] Error: Channel closing: too late to send/recv, messages will be lost


###!!! [Child][RunMessage] Error: Channel closing: too late to send/recv, messages will be lost


###!!! [Child][RunMessage] Error: Channel closing: too late to send/recv, messages will be lost


###!!! [Child][RunMessage] Error: Channel closing: too late to send/recv, messages will be lost

1636248581338	geckodriver	INFO	Listening on 127.0.0.1:52969
1636248583373	mozrunner::runner	INFO	Running command: "C:\\Program Files\\Mozilla Firefox\\firefox.exe" "--marionette" "-headless" "--remote-debugging-port" "52970" "-no-remote" "-profile" "C:\\Users\\Peter\\AppData\\Local\\Temp\\rust_mozprofileiOTrhJ"
*** You are running in headless mode.
1636248583609	Marionette	INFO	Marionette enabled
[GFX1-]: RenderCompositorSWGL failed mapping default framebuffer, no dt
console.warn: SearchSettings: "get: No settings file exists, new profile?" (new NotFoundError("Could not open the file at C:\\Users\\Peter\\AppData\\Local\\Temp\\rust_mozprofileiOTrhJ\\search.json.mozlz4", (void 0)))
DevTools listening on ws://localhost:52970/devtools/browser/90c96773-c1e4-400c-a301-94cdba88612e
1636248584544	Marionette	INFO	Listening on port 51700
1636248584999	RemoteAgent	WARN	TLS certificate errors will be ignored for this session
JavaScript error: resource://gre/actors/AutoCompleteChild.jsm, line 125: Error: Invalid autocomplete selectedIndex
JavaScript error: resource://gre/actors/AutoCompleteChild.jsm, line 125: Error: Invalid autocomplete selectedIndex
JavaScript error: resource://gre/modules/LoginManagerChild.jsm, line 194: NS_ERROR_XPC_JAVASCRIPT_ERROR_WITH_DETAILS: [JavaScript Error: "Invalid autocomplete selectedIndex" {file: "resource://gre/actors/AutoCompleteChild.jsm" line: 125}]'[JavaScript Error: "Invalid autocomplete selectedIndex" {file: "resource://gre/actors/AutoCompleteChild.jsm" line: 125}]' when calling method: [nsIAutoCompletePopup::selectedIndex]
JavaScript warning: https://io.vtex.com.br/vtex-id-ui/front-libs/figprt.js?_=1636248593788, line 997: WEBGL_debug_renderer_info is deprecated in Firefox and will be removed. Please use RENDERER.
console.log: WebExtensions: reset-default-search: starting.
console.log: WebExtensions: reset-default-search: No addons in our list are installed.
JavaScript error: , line 0: NS_ERROR_NOT_AVAILABLE
JavaScript error: resource://gre/modules/PromiseWorker.jsm, line 106: Error: Could not get children of file(C:\Users\Peter\AppData\Local\Temp\rust_mozprofileiOTrhJ\thumbnails) because it does not exist
JavaScript error: resource://gre/modules/PromiseWorker.jsm, line 106: Error: Could not get children of file(C:\Users\Peter\AppData\Local\Temp\rust_mozprofileiOTrhJ\thumbnails) because it does not exist
JavaScript error: resource://gre/modules/PromiseWorker.jsm, line 106: Error: Could not get children of file(C:\Users\Peter\AppData\Local\Temp\rust_mozprofileiOTrhJ\thumbnails) because it does not exist
JavaScript error: resource://gre/modules/PromiseWorker.jsm, line 106: Error: Could not get children of file(C:\Users\Peter\AppData\Local\Temp\rust_mozprofileiOTrhJ\thumbnails) because it does not exist
JavaScript error: resource://gre/modules/PromiseWorker.jsm, line 106: Error: Could not get children of file(C:\Users\Peter\AppData\Local\Temp\rust_mozprofileiOTrhJ\thumbnails) because it does not exist
JavaScript error: resource://gre/modules/PromiseWorker.jsm, line 106: Error: Could not get children of file(C:\Users\Peter\AppData\Local\Temp\rust_mozprofileiOTrhJ\thumbnails) because it does not exist
JavaScript error: resource://gre/modules/PromiseWorker.jsm, line 106: Error: Could not get children of file(C:\Users\Peter\AppData\Local\Temp\rust_mozprofileiOTrhJ\thumbnails) because it does not exist
JavaScript error: resource://gre/modules/PromiseWorker.jsm, line 106: Error: Could not get children of file(C:\Users\Peter\AppData\Local\Temp\rust_mozprofileiOTrhJ\thumbnails) because it does not exist
JavaScript error: resource://gre/modules/PromiseWorker.jsm, line 106: Error: Could not get children of file(C:\Users\Peter\AppData\Local\Temp\rust_mozprofileiOTrhJ\thumbnails) because it does not exist
JavaScript error: resource://gre/modules/PromiseWorker.jsm, line 106: Error: Could not get children of file(C:\Users\Peter\AppData\Local\Temp\rust_mozprofileiOTrhJ\thumbnails) because it does not exist
JavaScript error: resource://gre/modules/PromiseWorker.jsm, line 106: Error: Could not get children of file(C:\Users\Peter\AppData\Local\Temp\rust_mozprofileiOTrhJ\thumbnails) because it does not exist
JavaScript error: resource://gre/modules/PromiseWorker.jsm, line 106: Error: Could not get children of file(C:\Users\Peter\AppData\Local\Temp\rust_mozprofileiOTrhJ\thumbnails) because it does not exist
JavaScript error: resource://gre/modules/PromiseWorker.jsm, line 106: Error: Could not get children of file(C:\Users\Peter\AppData\Local\Temp\rust_mozprofileiOTrhJ\thumbnails) because it does not exist
JavaScript error: resource://gre/modules/PromiseWorker.jsm, line 106: Error: Could not get children of file(C:\Users\Peter\AppData\Local\Temp\rust_mozprofileiOTrhJ\thumbnails) because it does not exist
JavaScript error: resource://gre/modules/PromiseWorker.jsm, line 106: Error: Could not get children of file(C:\Users\Peter\AppData\Local\Temp\rust_mozprofileiOTrhJ\thumbnails) because it does not exist
JavaScript error: resource://gre/modules/PromiseWorker.jsm, line 106: Error: Could not get children of file(C:\Users\Peter\AppData\Local\Temp\rust_mozprofileiOTrhJ\thumbnails) because it does not exist
JavaScript error: resource://gre/modules/PromiseWorker.jsm, line 106: Error: Could not get children of file(C:\Users\Peter\AppData\Local\Temp\rust_mozprofileiOTrhJ\thumbnails) because it does not exist
JavaScript error: resource://gre/modules/PromiseWorker.jsm, line 106: Error: Could not get children of file(C:\Users\Peter\AppData\Local\Temp\rust_mozprofileiOTrhJ\thumbnails) because it does not exist
tools/browser/f02a25bd-4cef-46c3-a19c-27bca98aa160
1636249489952	Marionette	INFO	Listening on port 53307
1636249490145	RemoteAgent	WARN	TLS certificate errors will be ignored for this session
JavaScript error: resource://gre/actors/AutoCompleteChild.jsm, line 125: Error: Invalid autocomplete selectedIndex
JavaScript error: resource://gre/actors/AutoCompleteChild.jsm, line 125: Error: Invalid autocomplete selectedIndex
JavaScript error: resource://gre/modules/LoginManagerChild.jsm, line 194: NS_ERROR_XPC_JAVASCRIPT_ERROR_WITH_DETAILS: [JavaScript Error: "Invalid autocomplete selectedIndex" {file: "resource://gre/actors/AutoCompleteChild.jsm" line: 125}]'[JavaScript Error: "Invalid autocomplete selectedIndex" {file: "resource://gre/actors/AutoCompleteChild.jsm" line: 125}]' when calling method: [nsIAutoCompletePopup::selectedIndex]
JavaScript warning: https://io.vtex.com.br/vtex-id-ui/front-libs/figprt.js?_=1636249497023, line 997: WEBGL_debug_renderer_info is deprecated in Firefox and will be removed. Please use RENDERER.
console.log: WebExtensions: reset-default-search: starting.
console.log: WebExtensions: reset-default-search: No addons in our list are installed.
JavaScript error: , line 0: NS_ERROR_NOT_AVAILABLE
JavaScript error: resource://gre/modules/PromiseWorker.jsm, line 106: Error: Could not get children of file(C:\Users\Peter\AppData\Local\Temp\rust_mozprofiletFhLyX\thumbnails) because it does not exist
JavaScript error: resource://gre/modules/PromiseWorker.jsm, line 106: Error: Could not get children of file(C:\Users\Peter\AppData\Local\Temp\rust_mozprofiletFhLyX\thumbnails) because it does not exist
JavaScript error: resource://gre/modules/PromiseWorker.jsm, line 106: Error: Could not get children of file(C:\Users\Peter\AppData\Local\Temp\rust_mozprofiletFhLyX\thumbnails) because it does not exist
JavaScript error: resource://gre/modules/PromiseWorker.jsm, line 106: Error: Could not get children of file(C:\Users\Peter\AppData\Local\Temp\rust_mozprofiletFhLyX\thumbnails) because it does not exist
JavaScript error: resource://gre/modules/PromiseWorker.jsm, line 106: Error: Could not get children of file(C:\Users\Peter\AppData\Local\Temp\rust_mozprofiletFhLyX\thumbnails) because it does not exist
JavaScript error: resource://gre/modules/PromiseWorker.jsm, line 106: Error: Could not get children of file(C:\Users\Peter\AppData\Local\Temp\rust_mozprofiletFhLyX\thumbnails) because it does not exist
JavaScript error: resource://gre/modules/PromiseWorker.jsm, line 106: Error: Could not get children of file(C:\Users\Peter\AppData\Local\Temp\rust_mozprofiletFhLyX\thumbnails) because it does not exist
JavaScript error: resource://gre/modules/PromiseWorker.jsm, line 106: Error: Could not get children of file(C:\Users\Peter\AppData\Local\Temp\rust_mozprofiletFhLyX\thumbnails) because it does not exist
JavaScript error: resource://gre/modules/PromiseWorker.jsm, line 106: Error: Could not get children of file(C:\Users\Peter\AppData\Local\Temp\rust_mozprofiletFhLyX\thumbnails) because it does not exist
JavaScript error: resource://gre/modules/PromiseWorker.jsm, line 106: Error: Could not get children of file(C:\Users\Peter\AppData\Local\Temp\rust_mozprofiletFhLyX\thumbnails) because it does not exist
JavaScript error: resource://gre/modules/PromiseWorker.jsm, line 106: Error: Could not get children of file(C:\Users\Peter\AppData\Local\Temp\rust_mozprofiletFhLyX\thumbnails) because it does not exist
JavaScript error: resource://gre/modules/PromiseWorker.jsm, line 106: Error: Could not get children of file(C:\Users\Peter\AppData\Local\Temp\rust_mozprofiletFhLyX\thumbnails) because it does not exist
JavaScript error: resource://gre/modules/PromiseWorker.jsm, line 106: Error: Could not get children of file(C:\Users\Peter\AppData\Local\Temp\rust_mozprofiletFhLyX\thumbnails) because it does not exist
JavaScript error: resource://gre/modules/PromiseWorker.jsm, line 106: Error: Could not get children of file(C:\Users\Peter\AppData\Local\Temp\rust_mozprofiletFhLyX\thumbnails) because it does not exist
JavaScript error: resource://gre/modules/PromiseWorker.jsm, line 106: Error: Could not get children of file(C:\Users\Peter\AppData\Local\Temp\rust_mozprofiletFhLyX\thumbnails) because it does not exist
JavaScript error: resource://gre/modules/PromiseWorker.jsm, line 106: Error: Could not get children of file(C:\Users\Peter\AppData\Local\Temp\rust_mozprofiletFhLyX\thumbnails) because it does not exist
JavaScript error: resource://gre/modules/PromiseWorker.jsm, line 106: Error: Could not get children of file(C:\Users\Peter\AppData\Local\Temp\rust_mozprofiletFhLyX\thumbnails) because it does not exist
JavaScript error: resource://gre/modules/PromiseWorker.jsm, line 106: Error: Could not get children of file(C:\Users\Peter\AppData\Local\Temp\rust_mozprofiletFhLyX\thumbnails) because it does not exist
Exiting due to channel error.
1636760768511	geckodriver	INFO	Listening on 127.0.0.1:57694
1636760770541	mozrunner::runner	INFO	Running command: "C:\\Program Files\\Mozilla Firefox\\firefox.exe" "--marionette" "-headless" "--remote-debugging-port" "57695" "-no-remote" "-profile" "C:\\Users\\Peter\\AppData\\Local\\Temp\\rust_mozprofileCHe8PQ"
*** You are running in headless mode.
1636760771366	Marionette	INFO	Marionette enabled
[GFX1-]: RenderCompositorSWGL failed mapping default framebuffer, no dt
console.warn: SearchSettings: "get: No settings file exists, new profile?" (new NotFoundError("Could not open the file at C:\\Users\\Peter\\AppData\\Local\\Temp\\rust_mozprofileCHe8PQ\\search.json.mozlz4", (void 0)))
DevTools listening on ws://localhost:57695/devtools/browser/c3ac3f33-5676-479a-a883-159c11713ab0
1636760772978	Marionette	INFO	Listening on port 57704
1636760773264	RemoteAgent	WARN	TLS certificate errors will be ignored for this session
JavaScript warning: https://io.vtex.com.br/vtex-id-ui/front-libs/figprt.js?_=1636760788239, line 997: WEBGL_debug_renderer_info is deprecated in Firefox and will be removed. Please use RENDERER.
JavaScript error: https://www.fujiokadistribuidor.com.br/?v=56, line 2: TypeError: Window.fetch: At least 1 argument required, but only 0 passed
console.log: WebExtensions: reset-default-search: starting.
console.log: WebExtensions: reset-default-search: No addons in our list are installed.
JavaScript error: , line 0: NS_ERROR_NOT_AVAILABLE
JavaScript error: resource://gre/modules/PromiseWorker.jsm, line 106: Error: Could not get children of file(C:\Users\Peter\AppData\Local\Temp\rust_mozprofileCHe8PQ\thumbnails) because it does not exist
JavaScript error: resource://gre/modules/PromiseWorker.jsm, line 106: Error: Could not get children of file(C:\Users\Peter\AppData\Local\Temp\rust_mozprofileCHe8PQ\thumbnails) because it does not exist
JavaScript error: resource://gre/modules/PromiseWorker.jsm, line 106: Error: Could not get children of file(C:\Users\Peter\AppData\Local\Temp\rust_mozprofileCHe8PQ\thumbnails) because it does not exist
